2022-02-07 01:49:57.523  INFO 15592 --- [Thread-148] j.LocalContainerEntityManagerFactoryBean : Closing JPA EntityManagerFactory for persistence unit 'default'
2022-02-07 01:49:57.525  INFO 15592 --- [Thread-148] com.zaxxer.hikari.HikariDataSource       : HikariPool-35 - Shutdown initiated...
2022-02-07 01:49:57.573  INFO 15592 --- [Thread-148] com.zaxxer.hikari.HikariDataSource       : HikariPool-35 - Shutdown completed.
2022-02-07 01:49:57.807  INFO 15592 --- [restartedMain] c.s.honeySchool.HoneySchoolApplication   : Starting HoneySchoolApplication using Java 11.0.12 on DESKTOP-EDRGS5G with PID 15592 (C:\Users\GWON\git\S06P12B201\Backend\bin\main started by GWON in C:\Users\GWON\git\S06P12B201\Backend)
2022-02-07 01:49:57.808  INFO 15592 --- [restartedMain] c.s.honeySchool.HoneySchoolApplication   : No active profile set, falling back to default profiles: default
2022-02-07 01:49:58.358  INFO 15592 --- [restartedMain] .s.d.r.c.RepositoryConfigurationDelegate : Bootstrapping Spring Data JPA repositories in DEFAULT mode.
2022-02-07 01:49:58.392  INFO 15592 --- [restartedMain] .s.d.r.c.RepositoryConfigurationDelegate : Finished Spring Data repository scanning in 34 ms. Found 3 JPA repository interfaces.
2022-02-07 01:49:58.486  INFO 15592 --- [restartedMain] trationDelegate$BeanPostProcessorChecker : Bean 'org.springframework.security.access.expression.method.DefaultMethodSecurityExpressionHandler@563b4157' of type [org.springframework.security.access.expression.method.DefaultMethodSecurityExpressionHandler] is not eligible for getting processed by all BeanPostProcessors (for example: not eligible for auto-proxying)
2022-02-07 01:49:58.487  INFO 15592 --- [restartedMain] trationDelegate$BeanPostProcessorChecker : Bean 'methodSecurityMetadataSource' of type [org.springframework.security.access.method.DelegatingMethodSecurityMetadataSource] is not eligible for getting processed by all BeanPostProcessors (for example: not eligible for auto-proxying)
2022-02-07 01:49:58.542  INFO 15592 --- [restartedMain] o.s.b.w.embedded.tomcat.TomcatWebServer  : Tomcat initialized with port(s): 9999 (http)
2022-02-07 01:49:58.543  INFO 15592 --- [restartedMain] o.apache.catalina.core.StandardService   : Starting service [Tomcat]
2022-02-07 01:49:58.543  INFO 15592 --- [restartedMain] org.apache.catalina.core.StandardEngine  : Starting Servlet engine: [Apache Tomcat/9.0.54]
2022-02-07 01:49:58.576  INFO 15592 --- [restartedMain] o.a.c.c.C.[Tomcat].[localhost].[/]       : Initializing Spring embedded WebApplicationContext
2022-02-07 01:49:58.576  INFO 15592 --- [restartedMain] w.s.c.ServletWebServerApplicationContext : Root WebApplicationContext: initialization completed in 766 ms
2022-02-07 01:49:58.658  INFO 15592 --- [restartedMain] o.hibernate.jpa.internal.util.LogHelper  : HHH000204: Processing PersistenceUnitInfo [name: default]
2022-02-07 01:49:58.666  INFO 15592 --- [restartedMain] com.zaxxer.hikari.HikariDataSource       : HikariPool-36 - Starting...
2022-02-07 01:49:58.695  INFO 15592 --- [restartedMain] com.zaxxer.hikari.HikariDataSource       : HikariPool-36 - Start completed.
2022-02-07 01:49:58.695  INFO 15592 --- [restartedMain] org.hibernate.dialect.Dialect            : HHH000400: Using dialect: org.hibernate.dialect.MariaDB103Dialect
2022-02-07 01:49:58.784  INFO 15592 --- [restartedMain] o.h.e.t.j.p.i.JtaPlatformInitiator       : HHH000490: Using JtaPlatform implementation: [org.hibernate.engine.transaction.jta.platform.internal.NoJtaPlatform]
2022-02-07 01:49:58.785  INFO 15592 --- [restartedMain] j.LocalContainerEntityManagerFactoryBean : Initialized JPA EntityManagerFactory for persistence unit 'default'
2022-02-07 01:49:58.888  WARN 15592 --- [restartedMain] JpaBaseConfiguration$JpaWebConfiguration : spring.jpa.open-in-view is enabled by default. Therefore, database queries may be performed during view rendering. Explicitly configure spring.jpa.open-in-view to disable this warning
2022-02-07 01:49:59.068  INFO 15592 --- [restartedMain] o.s.b.a.e.web.EndpointLinksResolver      : Exposing 1 endpoint(s) beneath base path '/actuator'
2022-02-07 01:49:59.123  INFO 15592 --- [restartedMain] o.s.s.web.DefaultSecurityFilterChain     : Will secure any request with [org.springframework.security.web.context.request.async.WebAsyncManagerIntegrationFilter@2ef4befa, org.springframework.security.web.context.SecurityContextPersistenceFilter@51e37b66, org.springframework.security.web.header.HeaderWriterFilter@71c10e06, org.springframework.web.filter.CorsFilter@25faf097, org.springframework.security.web.authentication.logout.LogoutFilter@7eeb3d6b, com.ssafy.honeySchool.common.auth.JwtAuthenticationFilter@3c4fa6c9, org.springframework.security.web.savedrequest.RequestCacheAwareFilter@53736ddd, org.springframework.security.web.servletapi.SecurityContextHolderAwareRequestFilter@2abbf88b, org.springframework.security.web.authentication.AnonymousAuthenticationFilter@2396ddb7, org.springframework.security.web.session.SessionManagementFilter@3a749910, org.springframework.security.web.access.ExceptionTranslationFilter@30264689, org.springframework.security.web.access.intercept.FilterSecurityInterceptor@5998168f]
2022-02-07 01:49:59.175  INFO 15592 --- [restartedMain] o.s.b.d.a.OptionalLiveReloadServer       : LiveReload server is running on port 35729
2022-02-07 01:49:59.299  INFO 15592 --- [restartedMain] o.s.b.w.embedded.tomcat.TomcatWebServer  : Tomcat started on port(s): 9999 (http) with context path ''
2022-02-07 01:49:59.390  INFO 15592 --- [restartedMain] c.s.honeySchool.HoneySchoolApplication   : Started HoneySchoolApplication in 1.618 seconds (JVM running for 3682.221)
2022-02-07 01:49:59.393  INFO 15592 --- [restartedMain] .ConditionEvaluationDeltaLoggingListener : Condition evaluation unchanged
2022-02-07 01:50:07.850  INFO 15592 --- [http-nio-127.0.0.1-9999-exec-1] o.a.c.c.C.[Tomcat].[localhost].[/]       : Initializing Spring DispatcherServlet 'dispatcherServlet'
2022-02-07 01:50:07.851  INFO 15592 --- [http-nio-127.0.0.1-9999-exec-1] o.s.web.servlet.DispatcherServlet        : Initializing Servlet 'dispatcherServlet'
2022-02-07 01:50:07.854  INFO 15592 --- [http-nio-127.0.0.1-9999-exec-1] o.s.web.servlet.DispatcherServlet        : Completed initialization in 3 ms
2022-02-07 01:50:55.787  INFO 15592 --- [Thread-156] j.LocalContainerEntityManagerFactoryBean : Closing JPA EntityManagerFactory for persistence unit 'default'
2022-02-07 01:50:55.789  INFO 15592 --- [Thread-156] com.zaxxer.hikari.HikariDataSource       : HikariPool-36 - Shutdown initiated...
2022-02-07 01:50:55.831  INFO 15592 --- [Thread-156] com.zaxxer.hikari.HikariDataSource       : HikariPool-36 - Shutdown completed.
2022-02-07 01:50:56.063  INFO 15592 --- [restartedMain] c.s.honeySchool.HoneySchoolApplication   : Starting HoneySchoolApplication using Java 11.0.12 on DESKTOP-EDRGS5G with PID 15592 (C:\Users\GWON\git\S06P12B201\Backend\bin\main started by GWON in C:\Users\GWON\git\S06P12B201\Backend)
2022-02-07 01:50:56.063  INFO 15592 --- [restartedMain] c.s.honeySchool.HoneySchoolApplication   : No active profile set, falling back to default profiles: default
2022-02-07 01:50:56.611  INFO 15592 --- [restartedMain] .s.d.r.c.RepositoryConfigurationDelegate : Bootstrapping Spring Data JPA repositories in DEFAULT mode.
2022-02-07 01:50:56.650  INFO 15592 --- [restartedMain] .s.d.r.c.RepositoryConfigurationDelegate : Finished Spring Data repository scanning in 38 ms. Found 3 JPA repository interfaces.
2022-02-07 01:50:56.770  INFO 15592 --- [restartedMain] trationDelegate$BeanPostProcessorChecker : Bean 'org.springframework.security.access.expression.method.DefaultMethodSecurityExpressionHandler@48b5c63c' of type [org.springframework.security.access.expression.method.DefaultMethodSecurityExpressionHandler] is not eligible for getting processed by all BeanPostProcessors (for example: not eligible for auto-proxying)
2022-02-07 01:50:56.771  INFO 15592 --- [restartedMain] trationDelegate$BeanPostProcessorChecker : Bean 'methodSecurityMetadataSource' of type [org.springframework.security.access.method.DelegatingMethodSecurityMetadataSource] is not eligible for getting processed by all BeanPostProcessors (for example: not eligible for auto-proxying)
2022-02-07 01:50:56.837  INFO 15592 --- [restartedMain] o.s.b.w.embedded.tomcat.TomcatWebServer  : Tomcat initialized with port(s): 9999 (http)
2022-02-07 01:50:56.837  INFO 15592 --- [restartedMain] o.apache.catalina.core.StandardService   : Starting service [Tomcat]
2022-02-07 01:50:56.837  INFO 15592 --- [restartedMain] org.apache.catalina.core.StandardEngine  : Starting Servlet engine: [Apache Tomcat/9.0.54]
2022-02-07 01:50:56.869  INFO 15592 --- [restartedMain] o.a.c.c.C.[Tomcat].[localhost].[/]       : Initializing Spring embedded WebApplicationContext
2022-02-07 01:50:56.869  INFO 15592 --- [restartedMain] w.s.c.ServletWebServerApplicationContext : Root WebApplicationContext: initialization completed in 804 ms
2022-02-07 01:50:56.972  INFO 15592 --- [restartedMain] o.hibernate.jpa.internal.util.LogHelper  : HHH000204: Processing PersistenceUnitInfo [name: default]
2022-02-07 01:50:56.981  INFO 15592 --- [restartedMain] com.zaxxer.hikari.HikariDataSource       : HikariPool-37 - Starting...
2022-02-07 01:50:57.023  INFO 15592 --- [restartedMain] com.zaxxer.hikari.HikariDataSource       : HikariPool-37 - Start completed.
2022-02-07 01:50:57.024  INFO 15592 --- [restartedMain] org.hibernate.dialect.Dialect            : HHH000400: Using dialect: org.hibernate.dialect.MariaDB103Dialect
2022-02-07 01:50:57.144  INFO 15592 --- [restartedMain] o.h.e.t.j.p.i.JtaPlatformInitiator       : HHH000490: Using JtaPlatform implementation: [org.hibernate.engine.transaction.jta.platform.internal.NoJtaPlatform]
2022-02-07 01:50:57.144  INFO 15592 --- [restartedMain] j.LocalContainerEntityManagerFactoryBean : Initialized JPA EntityManagerFactory for persistence unit 'default'
2022-02-07 01:50:57.249  WARN 15592 --- [restartedMain] JpaBaseConfiguration$JpaWebConfiguration : spring.jpa.open-in-view is enabled by default. Therefore, database queries may be performed during view rendering. Explicitly configure spring.jpa.open-in-view to disable this warning
2022-02-07 01:50:57.441  INFO 15592 --- [restartedMain] o.s.b.a.e.web.EndpointLinksResolver      : Exposing 1 endpoint(s) beneath base path '/actuator'
2022-02-07 01:50:57.501  INFO 15592 --- [restartedMain] o.s.s.web.DefaultSecurityFilterChain     : Will secure any request with [org.springframework.security.web.context.request.async.WebAsyncManagerIntegrationFilter@2acb7eb2, org.springframework.security.web.context.SecurityContextPersistenceFilter@1e8c6b41, org.springframework.security.web.header.HeaderWriterFilter@55c94766, org.springframework.web.filter.CorsFilter@6dc94cee, org.springframework.security.web.authentication.logout.LogoutFilter@2242251a, com.ssafy.honeySchool.common.auth.JwtAuthenticationFilter@373faf8, org.springframework.security.web.savedrequest.RequestCacheAwareFilter@1fb13dd9, org.springframework.security.web.servletapi.SecurityContextHolderAwareRequestFilter@5cbb3e, org.springframework.security.web.authentication.AnonymousAuthenticationFilter@1609302, org.springframework.security.web.session.SessionManagementFilter@273f0aaa, org.springframework.security.web.access.ExceptionTranslationFilter@2a756920, org.springframework.security.web.access.intercept.FilterSecurityInterceptor@192eef40]
2022-02-07 01:50:57.551  INFO 15592 --- [restartedMain] o.s.b.d.a.OptionalLiveReloadServer       : LiveReload server is running on port 35729
2022-02-07 01:50:57.677  INFO 15592 --- [restartedMain] o.s.b.w.embedded.tomcat.TomcatWebServer  : Tomcat started on port(s): 9999 (http) with context path ''
2022-02-07 01:50:57.788  INFO 15592 --- [restartedMain] c.s.honeySchool.HoneySchoolApplication   : Started HoneySchoolApplication in 1.76 seconds (JVM running for 3740.619)
2022-02-07 01:50:57.791  INFO 15592 --- [restartedMain] .ConditionEvaluationDeltaLoggingListener : Condition evaluation unchanged
2022-02-07 01:51:32.507  INFO 15592 --- [RMI TCP Connection(72)-127.0.0.1] inMXBeanRegistrar$SpringApplicationAdmin : Application shutdown requested.
2022-02-07 01:51:32.616  INFO 15592 --- [RMI TCP Connection(72)-127.0.0.1] j.LocalContainerEntityManagerFactoryBean : Closing JPA EntityManagerFactory for persistence unit 'default'
2022-02-07 01:51:32.617  INFO 15592 --- [RMI TCP Connection(72)-127.0.0.1] com.zaxxer.hikari.HikariDataSource       : HikariPool-37 - Shutdown initiated...
2022-02-07 01:52:23.217  INFO 7144 --- [restartedMain] c.s.honeySchool.HoneySchoolApplication   : Starting HoneySchoolApplication using Java 11.0.12 on DESKTOP-EDRGS5G with PID 7144 (C:\Users\GWON\git\S06P12B201\Backend\bin\main started by GWON in C:\Users\GWON\git\S06P12B201\Backend)
2022-02-07 01:52:23.218  INFO 7144 --- [restartedMain] c.s.honeySchool.HoneySchoolApplication   : No active profile set, falling back to default profiles: default
2022-02-07 01:52:23.258  INFO 7144 --- [restartedMain] .e.DevToolsPropertyDefaultsPostProcessor : Devtools property defaults active! Set 'spring.devtools.add-properties' to 'false' to disable
2022-02-07 01:52:23.258  INFO 7144 --- [restartedMain] .e.DevToolsPropertyDefaultsPostProcessor : For additional web related logging consider setting the 'logging.level.web' property to 'DEBUG'
2022-02-07 01:52:24.758  INFO 7144 --- [restartedMain] .s.d.r.c.RepositoryConfigurationDelegate : Bootstrapping Spring Data JPA repositories in DEFAULT mode.
2022-02-07 01:52:24.994  INFO 7144 --- [restartedMain] .s.d.r.c.RepositoryConfigurationDelegate : Finished Spring Data repository scanning in 227 ms. Found 3 JPA repository interfaces.
2022-02-07 01:52:25.506  INFO 7144 --- [restartedMain] trationDelegate$BeanPostProcessorChecker : Bean 'org.springframework.security.access.expression.method.DefaultMethodSecurityExpressionHandler@34c01dc2' of type [org.springframework.security.access.expression.method.DefaultMethodSecurityExpressionHandler] is not eligible for getting processed by all BeanPostProcessors (for example: not eligible for auto-proxying)
2022-02-07 01:52:25.511  INFO 7144 --- [restartedMain] trationDelegate$BeanPostProcessorChecker : Bean 'methodSecurityMetadataSource' of type [org.springframework.security.access.method.DelegatingMethodSecurityMetadataSource] is not eligible for getting processed by all BeanPostProcessors (for example: not eligible for auto-proxying)
2022-02-07 01:52:25.978  INFO 7144 --- [restartedMain] o.s.b.w.embedded.tomcat.TomcatWebServer  : Tomcat initialized with port(s): 9999 (http)
2022-02-07 01:52:25.991  INFO 7144 --- [restartedMain] o.apache.catalina.core.StandardService   : Starting service [Tomcat]
2022-02-07 01:52:25.991  INFO 7144 --- [restartedMain] org.apache.catalina.core.StandardEngine  : Starting Servlet engine: [Apache Tomcat/9.0.54]
2022-02-07 01:52:26.162  INFO 7144 --- [restartedMain] o.a.c.c.C.[Tomcat].[localhost].[/]       : Initializing Spring embedded WebApplicationContext
2022-02-07 01:52:26.163  INFO 7144 --- [restartedMain] w.s.c.ServletWebServerApplicationContext : Root WebApplicationContext: initialization completed in 2904 ms
2022-02-07 01:52:26.492  INFO 7144 --- [restartedMain] o.hibernate.jpa.internal.util.LogHelper  : HHH000204: Processing PersistenceUnitInfo [name: default]
2022-02-07 01:52:26.558  INFO 7144 --- [restartedMain] org.hibernate.Version                    : HHH000412: Hibernate ORM core version 5.4.32.Final
2022-02-07 01:52:26.765  INFO 7144 --- [restartedMain] o.hibernate.annotations.common.Version   : HCANN000001: Hibernate Commons Annotations {5.1.2.Final}
2022-02-07 01:52:26.934  INFO 7144 --- [restartedMain] com.zaxxer.hikari.HikariDataSource       : HikariPool-1 - Starting...
2022-02-07 01:52:27.044  INFO 7144 --- [restartedMain] com.zaxxer.hikari.HikariDataSource       : HikariPool-1 - Start completed.
2022-02-07 01:52:27.071  INFO 7144 --- [restartedMain] org.hibernate.dialect.Dialect            : HHH000400: Using dialect: org.hibernate.dialect.MariaDB103Dialect
2022-02-07 01:52:28.015  INFO 7144 --- [restartedMain] o.h.e.t.j.p.i.JtaPlatformInitiator       : HHH000490: Using JtaPlatform implementation: [org.hibernate.engine.transaction.jta.platform.internal.NoJtaPlatform]
2022-02-07 01:52:28.024  INFO 7144 --- [restartedMain] j.LocalContainerEntityManagerFactoryBean : Initialized JPA EntityManagerFactory for persistence unit 'default'
2022-02-07 01:52:28.886  WARN 7144 --- [restartedMain] JpaBaseConfiguration$JpaWebConfiguration : spring.jpa.open-in-view is enabled by default. Therefore, database queries may be performed during view rendering. Explicitly configure spring.jpa.open-in-view to disable this warning
2022-02-07 01:52:30.023  INFO 7144 --- [restartedMain] o.s.b.a.e.web.EndpointLinksResolver      : Exposing 1 endpoint(s) beneath base path '/actuator'
2022-02-07 01:52:30.309  INFO 7144 --- [restartedMain] o.s.s.web.DefaultSecurityFilterChain     : Will secure any request with [org.springframework.security.web.context.request.async.WebAsyncManagerIntegrationFilter@1f0bd7c3, org.springframework.security.web.context.SecurityContextPersistenceFilter@20537bdd, org.springframework.security.web.header.HeaderWriterFilter@6883dc79, org.springframework.web.filter.CorsFilter@4544d137, org.springframework.security.web.authentication.logout.LogoutFilter@3f7add15, com.ssafy.honeySchool.common.auth.JwtAuthenticationFilter@15ca519b, org.springframework.security.web.savedrequest.RequestCacheAwareFilter@4b0ae01f, org.springframework.security.web.servletapi.SecurityContextHolderAwareRequestFilter@45b415de, org.springframework.security.web.authentication.AnonymousAuthenticationFilter@15f5e93f, org.springframework.security.web.session.SessionManagementFilter@61a39df7, org.springframework.security.web.access.ExceptionTranslationFilter@26f67b4, org.springframework.security.web.access.intercept.FilterSecurityInterceptor@3e78a4d1]
2022-02-07 01:52:30.467  INFO 7144 --- [restartedMain] o.s.b.d.a.OptionalLiveReloadServer       : LiveReload server is running on port 35729
2022-02-07 01:52:30.931  INFO 7144 --- [restartedMain] o.s.b.w.embedded.tomcat.TomcatWebServer  : Tomcat started on port(s): 9999 (http) with context path ''
2022-02-07 01:52:31.321  INFO 7144 --- [restartedMain] c.s.honeySchool.HoneySchoolApplication   : Started HoneySchoolApplication in 8.522 seconds (JVM running for 9.492)
2022-02-07 01:52:33.134  INFO 7144 --- [RMI TCP Connection(3)-127.0.0.1] o.a.c.c.C.[Tomcat].[localhost].[/]       : Initializing Spring DispatcherServlet 'dispatcherServlet'
2022-02-07 01:52:33.135  INFO 7144 --- [RMI TCP Connection(3)-127.0.0.1] o.s.web.servlet.DispatcherServlet        : Initializing Servlet 'dispatcherServlet'
2022-02-07 01:52:33.137  INFO 7144 --- [RMI TCP Connection(3)-127.0.0.1] o.s.web.servlet.DispatcherServlet        : Completed initialization in 2 ms
2022-02-07 01:52:40.424 DEBUG 7144 --- [http-nio-127.0.0.1-9999-exec-1] o.s.w.r.f.client.ExchangeFunctions       : [4f8f8d2c] HTTP POST sessions
2022-02-07 01:53:00.448  INFO 7144 --- [Thread-4] j.LocalContainerEntityManagerFactoryBean : Closing JPA EntityManagerFactory for persistence unit 'default'
2022-02-07 01:53:00.456  INFO 7144 --- [Thread-4] com.zaxxer.hikari.HikariDataSource       : HikariPool-1 - Shutdown initiated...
2022-02-07 01:53:00.508  INFO 7144 --- [Thread-4] com.zaxxer.hikari.HikariDataSource       : HikariPool-1 - Shutdown completed.
2022-02-07 01:53:00.649 ERROR 7144 --- [restartedMain] o.s.b.d.LoggingFailureAnalysisReporter   : 

***************************
APPLICATION FAILED TO START
***************************

Description:

Failed to bind properties under 'logging.level.org.springframework.web.reactive.function.*' to org.springframework.boot.logging.LogLevel:

    Property: logging.level.org.springframework.web.reactive.function.*
    Value: ALL
    Origin: class path resource [application.properties] - 50:59
    Reason: failed to convert java.lang.String to org.springframework.boot.logging.LogLevel (caused by java.lang.IllegalArgumentException: No enum constant org.springframework.boot.logging.LogLevel.ALL)

Action:

Update your application's configuration. The following values are valid:

    DEBUG
    ERROR
    FATAL
    INFO
    OFF
    TRACE
    WARN

2022-02-07 01:53:09.486 ERROR 7144 --- [restartedMain] o.s.b.d.LoggingFailureAnalysisReporter   : 

***************************
APPLICATION FAILED TO START
***************************

Description:

Failed to bind properties under 'logging.level.org.springframework.web.reactive.function.client' to org.springframework.boot.logging.LogLevel:

    Property: logging.level.org.springframework.web.reactive.function.client
    Value: =ALL
    Origin: class path resource [application.properties] - 50:64
    Reason: failed to convert java.lang.String to org.springframework.boot.logging.LogLevel (caused by java.lang.IllegalArgumentException: No enum constant org.springframework.boot.logging.LogLevel.=ALL)

Action:

Update your application's configuration. The following values are valid:

    DEBUG
    ERROR
    FATAL
    INFO
    OFF
    TRACE
    WARN

2022-02-07 01:53:16.229 ERROR 7144 --- [restartedMain] o.s.b.d.LoggingFailureAnalysisReporter   : 

***************************
APPLICATION FAILED TO START
***************************

Description:

Failed to bind properties under 'logging.level.org.springframework.web.reactive.function.client' to org.springframework.boot.logging.LogLevel:

    Property: logging.level.org.springframework.web.reactive.function.client
    Value: ALL
    Origin: class path resource [application.properties] - 50:64
    Reason: failed to convert java.lang.String to org.springframework.boot.logging.LogLevel (caused by java.lang.IllegalArgumentException: No enum constant org.springframework.boot.logging.LogLevel.ALL)

Action:

Update your application's configuration. The following values are valid:

    DEBUG
    ERROR
    FATAL
    INFO
    OFF
    TRACE
    WARN

2022-02-07 01:53:22.949  INFO 7144 --- [restartedMain] c.s.honeySchool.HoneySchoolApplication   : Starting HoneySchoolApplication using Java 11.0.12 on DESKTOP-EDRGS5G with PID 7144 (C:\Users\GWON\git\S06P12B201\Backend\bin\main started by GWON in C:\Users\GWON\git\S06P12B201\Backend)
2022-02-07 01:53:22.950  INFO 7144 --- [restartedMain] c.s.honeySchool.HoneySchoolApplication   : No active profile set, falling back to default profiles: default
2022-02-07 01:53:23.471  INFO 7144 --- [restartedMain] .s.d.r.c.RepositoryConfigurationDelegate : Bootstrapping Spring Data JPA repositories in DEFAULT mode.
2022-02-07 01:53:23.500  INFO 7144 --- [restartedMain] .s.d.r.c.RepositoryConfigurationDelegate : Finished Spring Data repository scanning in 28 ms. Found 3 JPA repository interfaces.
2022-02-07 01:53:23.575  INFO 7144 --- [restartedMain] trationDelegate$BeanPostProcessorChecker : Bean 'org.springframework.security.access.expression.method.DefaultMethodSecurityExpressionHandler@50e6997d' of type [org.springframework.security.access.expression.method.DefaultMethodSecurityExpressionHandler] is not eligible for getting processed by all BeanPostProcessors (for example: not eligible for auto-proxying)
2022-02-07 01:53:23.577  INFO 7144 --- [restartedMain] trationDelegate$BeanPostProcessorChecker : Bean 'methodSecurityMetadataSource' of type [org.springframework.security.access.method.DelegatingMethodSecurityMetadataSource] is not eligible for getting processed by all BeanPostProcessors (for example: not eligible for auto-proxying)
2022-02-07 01:53:23.638  INFO 7144 --- [restartedMain] o.s.b.w.embedded.tomcat.TomcatWebServer  : Tomcat initialized with port(s): 9999 (http)
2022-02-07 01:53:23.639  INFO 7144 --- [restartedMain] o.apache.catalina.core.StandardService   : Starting service [Tomcat]
2022-02-07 01:53:23.639  INFO 7144 --- [restartedMain] org.apache.catalina.core.StandardEngine  : Starting Servlet engine: [Apache Tomcat/9.0.54]
2022-02-07 01:53:23.670  INFO 7144 --- [restartedMain] o.a.c.c.C.[Tomcat].[localhost].[/]       : Initializing Spring embedded WebApplicationContext
2022-02-07 01:53:23.670  INFO 7144 --- [restartedMain] w.s.c.ServletWebServerApplicationContext : Root WebApplicationContext: initialization completed in 716 ms
2022-02-07 01:53:23.794  INFO 7144 --- [restartedMain] o.hibernate.jpa.internal.util.LogHelper  : HHH000204: Processing PersistenceUnitInfo [name: default]
2022-02-07 01:53:23.803  INFO 7144 --- [restartedMain] com.zaxxer.hikari.HikariDataSource       : HikariPool-2 - Starting...
2022-02-07 01:53:23.823  INFO 7144 --- [restartedMain] com.zaxxer.hikari.HikariDataSource       : HikariPool-2 - Start completed.
2022-02-07 01:53:23.824  INFO 7144 --- [restartedMain] org.hibernate.dialect.Dialect            : HHH000400: Using dialect: org.hibernate.dialect.MariaDB103Dialect
2022-02-07 01:53:23.923  INFO 7144 --- [restartedMain] o.h.e.t.j.p.i.JtaPlatformInitiator       : HHH000490: Using JtaPlatform implementation: [org.hibernate.engine.transaction.jta.platform.internal.NoJtaPlatform]
2022-02-07 01:53:23.923  INFO 7144 --- [restartedMain] j.LocalContainerEntityManagerFactoryBean : Initialized JPA EntityManagerFactory for persistence unit 'default'
2022-02-07 01:53:24.062  WARN 7144 --- [restartedMain] JpaBaseConfiguration$JpaWebConfiguration : spring.jpa.open-in-view is enabled by default. Therefore, database queries may be performed during view rendering. Explicitly configure spring.jpa.open-in-view to disable this warning
2022-02-07 01:53:24.325  INFO 7144 --- [restartedMain] o.s.b.a.e.web.EndpointLinksResolver      : Exposing 1 endpoint(s) beneath base path '/actuator'
2022-02-07 01:53:24.423  INFO 7144 --- [restartedMain] o.s.s.web.DefaultSecurityFilterChain     : Will secure any request with [org.springframework.security.web.context.request.async.WebAsyncManagerIntegrationFilter@3fdee241, org.springframework.security.web.context.SecurityContextPersistenceFilter@24d11310, org.springframework.security.web.header.HeaderWriterFilter@59fdbdfc, org.springframework.web.filter.CorsFilter@7b119e7d, org.springframework.security.web.authentication.logout.LogoutFilter@325a087d, com.ssafy.honeySchool.common.auth.JwtAuthenticationFilter@14e3d5e9, org.springframework.security.web.savedrequest.RequestCacheAwareFilter@646a798f, org.springframework.security.web.servletapi.SecurityContextHolderAwareRequestFilter@504c2aa3, org.springframework.security.web.authentication.AnonymousAuthenticationFilter@2cdff23b, org.springframework.security.web.session.SessionManagementFilter@171b34cf, org.springframework.security.web.access.ExceptionTranslationFilter@5cd39510, org.springframework.security.web.access.intercept.FilterSecurityInterceptor@6e1021af]
2022-02-07 01:53:24.473  INFO 7144 --- [restartedMain] o.s.b.d.a.OptionalLiveReloadServer       : LiveReload server is running on port 35729
2022-02-07 01:53:24.634  INFO 7144 --- [restartedMain] o.s.b.w.embedded.tomcat.TomcatWebServer  : Tomcat started on port(s): 9999 (http) with context path ''
2022-02-07 01:53:24.802  INFO 7144 --- [restartedMain] c.s.honeySchool.HoneySchoolApplication   : Started HoneySchoolApplication in 1.917 seconds (JVM running for 62.973)
2022-02-07 01:53:24.805  INFO 7144 --- [restartedMain] .ConditionEvaluationDeltaLoggingListener : Condition evaluation unchanged
2022-02-07 01:53:25.475  INFO 7144 --- [http-nio-127.0.0.1-9999-exec-1] o.a.c.c.C.[Tomcat].[localhost].[/]       : Initializing Spring DispatcherServlet 'dispatcherServlet'
2022-02-07 01:53:25.476  INFO 7144 --- [http-nio-127.0.0.1-9999-exec-1] o.s.web.servlet.DispatcherServlet        : Initializing Servlet 'dispatcherServlet'
2022-02-07 01:53:25.477  INFO 7144 --- [http-nio-127.0.0.1-9999-exec-1] o.s.web.servlet.DispatcherServlet        : Completed initialization in 1 ms
2022-02-07 01:53:25.481 DEBUG 7144 --- [http-nio-127.0.0.1-9999-exec-1] o.s.w.r.f.client.ExchangeFunctions       : [e223561] HTTP POST sessions
2022-02-07 01:53:49.097  INFO 7144 --- [Thread-12] j.LocalContainerEntityManagerFactoryBean : Closing JPA EntityManagerFactory for persistence unit 'default'
2022-02-07 01:53:49.098  INFO 7144 --- [Thread-12] com.zaxxer.hikari.HikariDataSource       : HikariPool-2 - Shutdown initiated...
2022-02-07 01:53:49.151  INFO 7144 --- [Thread-12] com.zaxxer.hikari.HikariDataSource       : HikariPool-2 - Shutdown completed.
2022-02-07 01:53:49.263  INFO 7144 --- [restartedMain] c.s.honeySchool.HoneySchoolApplication   : Starting HoneySchoolApplication using Java 11.0.12 on DESKTOP-EDRGS5G with PID 7144 (C:\Users\GWON\git\S06P12B201\Backend\bin\main started by GWON in C:\Users\GWON\git\S06P12B201\Backend)
2022-02-07 01:53:49.264  INFO 7144 --- [restartedMain] c.s.honeySchool.HoneySchoolApplication   : No active profile set, falling back to default profiles: default
2022-02-07 01:53:49.784  INFO 7144 --- [restartedMain] .s.d.r.c.RepositoryConfigurationDelegate : Bootstrapping Spring Data JPA repositories in DEFAULT mode.
2022-02-07 01:53:49.815  INFO 7144 --- [restartedMain] .s.d.r.c.RepositoryConfigurationDelegate : Finished Spring Data repository scanning in 30 ms. Found 3 JPA repository interfaces.
2022-02-07 01:53:49.896  INFO 7144 --- [restartedMain] trationDelegate$BeanPostProcessorChecker : Bean 'org.springframework.security.access.expression.method.DefaultMethodSecurityExpressionHandler@74ab9b' of type [org.springframework.security.access.expression.method.DefaultMethodSecurityExpressionHandler] is not eligible for getting processed by all BeanPostProcessors (for example: not eligible for auto-proxying)
2022-02-07 01:53:49.897  INFO 7144 --- [restartedMain] trationDelegate$BeanPostProcessorChecker : Bean 'methodSecurityMetadataSource' of type [org.springframework.security.access.method.DelegatingMethodSecurityMetadataSource] is not eligible for getting processed by all BeanPostProcessors (for example: not eligible for auto-proxying)
2022-02-07 01:53:49.959  INFO 7144 --- [restartedMain] o.s.b.w.embedded.tomcat.TomcatWebServer  : Tomcat initialized with port(s): 9999 (http)
2022-02-07 01:53:49.960  INFO 7144 --- [restartedMain] o.apache.catalina.core.StandardService   : Starting service [Tomcat]
2022-02-07 01:53:49.960  INFO 7144 --- [restartedMain] org.apache.catalina.core.StandardEngine  : Starting Servlet engine: [Apache Tomcat/9.0.54]
2022-02-07 01:53:49.990  INFO 7144 --- [restartedMain] o.a.c.c.C.[Tomcat].[localhost].[/]       : Initializing Spring embedded WebApplicationContext
2022-02-07 01:53:49.990  INFO 7144 --- [restartedMain] w.s.c.ServletWebServerApplicationContext : Root WebApplicationContext: initialization completed in 724 ms
2022-02-07 01:53:50.074  INFO 7144 --- [restartedMain] o.hibernate.jpa.internal.util.LogHelper  : HHH000204: Processing PersistenceUnitInfo [name: default]
2022-02-07 01:53:50.083  INFO 7144 --- [restartedMain] com.zaxxer.hikari.HikariDataSource       : HikariPool-3 - Starting...
2022-02-07 01:53:50.114  INFO 7144 --- [restartedMain] com.zaxxer.hikari.HikariDataSource       : HikariPool-3 - Start completed.
2022-02-07 01:53:50.114  INFO 7144 --- [restartedMain] org.hibernate.dialect.Dialect            : HHH000400: Using dialect: org.hibernate.dialect.MariaDB103Dialect
2022-02-07 01:53:50.224  INFO 7144 --- [restartedMain] o.h.e.t.j.p.i.JtaPlatformInitiator       : HHH000490: Using JtaPlatform implementation: [org.hibernate.engine.transaction.jta.platform.internal.NoJtaPlatform]
2022-02-07 01:53:50.224  INFO 7144 --- [restartedMain] j.LocalContainerEntityManagerFactoryBean : Initialized JPA EntityManagerFactory for persistence unit 'default'
2022-02-07 01:53:50.342  WARN 7144 --- [restartedMain] JpaBaseConfiguration$JpaWebConfiguration : spring.jpa.open-in-view is enabled by default. Therefore, database queries may be performed during view rendering. Explicitly configure spring.jpa.open-in-view to disable this warning
2022-02-07 01:53:50.572  INFO 7144 --- [restartedMain] o.s.b.a.e.web.EndpointLinksResolver      : Exposing 1 endpoint(s) beneath base path '/actuator'
2022-02-07 01:53:50.636  INFO 7144 --- [restartedMain] o.s.s.web.DefaultSecurityFilterChain     : Will secure any request with [org.springframework.security.web.context.request.async.WebAsyncManagerIntegrationFilter@5b33b290, org.springframework.security.web.context.SecurityContextPersistenceFilter@62777053, org.springframework.security.web.header.HeaderWriterFilter@19f1ce10, org.springframework.web.filter.CorsFilter@3f22cbff, org.springframework.security.web.authentication.logout.LogoutFilter@37a906b0, com.ssafy.honeySchool.common.auth.JwtAuthenticationFilter@9092d7, org.springframework.security.web.savedrequest.RequestCacheAwareFilter@3b66c4cd, org.springframework.security.web.servletapi.SecurityContextHolderAwareRequestFilter@2cf00cff, org.springframework.security.web.authentication.AnonymousAuthenticationFilter@615b39e2, org.springframework.security.web.session.SessionManagementFilter@5ff3b892, org.springframework.security.web.access.ExceptionTranslationFilter@16c9f020, org.springframework.security.web.access.intercept.FilterSecurityInterceptor@3251ab9f]
2022-02-07 01:53:50.721  INFO 7144 --- [restartedMain] o.s.b.d.a.OptionalLiveReloadServer       : LiveReload server is running on port 35729
2022-02-07 01:53:50.858  INFO 7144 --- [restartedMain] o.s.b.w.embedded.tomcat.TomcatWebServer  : Tomcat started on port(s): 9999 (http) with context path ''
2022-02-07 01:53:51.003  INFO 7144 --- [restartedMain] c.s.honeySchool.HoneySchoolApplication   : Started HoneySchoolApplication in 1.776 seconds (JVM running for 89.174)
2022-02-07 01:53:51.005  INFO 7144 --- [restartedMain] .ConditionEvaluationDeltaLoggingListener : Condition evaluation unchanged
2022-02-07 01:53:54.326  INFO 7144 --- [http-nio-127.0.0.1-9999-exec-1] o.a.c.c.C.[Tomcat].[localhost].[/]       : Initializing Spring DispatcherServlet 'dispatcherServlet'
2022-02-07 01:53:54.327  INFO 7144 --- [http-nio-127.0.0.1-9999-exec-1] o.s.web.servlet.DispatcherServlet        : Initializing Servlet 'dispatcherServlet'
2022-02-07 01:53:54.330  INFO 7144 --- [http-nio-127.0.0.1-9999-exec-1] o.s.web.servlet.DispatcherServlet        : Completed initialization in 2 ms
2022-02-07 01:53:54.345 DEBUG 7144 --- [http-nio-127.0.0.1-9999-exec-1] o.s.w.r.f.client.ExchangeFunctions       : [30a4a435] HTTP POST sessions
2022-02-07 01:54:08.005  INFO 7144 --- [Thread-26] j.LocalContainerEntityManagerFactoryBean : Closing JPA EntityManagerFactory for persistence unit 'default'
2022-02-07 01:54:08.007  INFO 7144 --- [Thread-26] com.zaxxer.hikari.HikariDataSource       : HikariPool-3 - Shutdown initiated...
2022-02-07 01:54:08.058  INFO 7144 --- [Thread-26] com.zaxxer.hikari.HikariDataSource       : HikariPool-3 - Shutdown completed.
2022-02-07 01:54:08.182  INFO 7144 --- [restartedMain] c.s.honeySchool.HoneySchoolApplication   : Starting HoneySchoolApplication using Java 11.0.12 on DESKTOP-EDRGS5G with PID 7144 (C:\Users\GWON\git\S06P12B201\Backend\bin\main started by GWON in C:\Users\GWON\git\S06P12B201\Backend)
2022-02-07 01:54:08.182  INFO 7144 --- [restartedMain] c.s.honeySchool.HoneySchoolApplication   : No active profile set, falling back to default profiles: default
2022-02-07 01:54:08.826  INFO 7144 --- [restartedMain] .s.d.r.c.RepositoryConfigurationDelegate : Bootstrapping Spring Data JPA repositories in DEFAULT mode.
2022-02-07 01:54:08.854  INFO 7144 --- [restartedMain] .s.d.r.c.RepositoryConfigurationDelegate : Finished Spring Data repository scanning in 28 ms. Found 3 JPA repository interfaces.
2022-02-07 01:54:08.942  INFO 7144 --- [restartedMain] trationDelegate$BeanPostProcessorChecker : Bean 'org.springframework.security.access.expression.method.DefaultMethodSecurityExpressionHandler@2a2f333f' of type [org.springframework.security.access.expression.method.DefaultMethodSecurityExpressionHandler] is not eligible for getting processed by all BeanPostProcessors (for example: not eligible for auto-proxying)
2022-02-07 01:54:08.943  INFO 7144 --- [restartedMain] trationDelegate$BeanPostProcessorChecker : Bean 'methodSecurityMetadataSource' of type [org.springframework.security.access.method.DelegatingMethodSecurityMetadataSource] is not eligible for getting processed by all BeanPostProcessors (for example: not eligible for auto-proxying)
2022-02-07 01:54:09.002  INFO 7144 --- [restartedMain] o.s.b.w.embedded.tomcat.TomcatWebServer  : Tomcat initialized with port(s): 9999 (http)
2022-02-07 01:54:09.002  INFO 7144 --- [restartedMain] o.apache.catalina.core.StandardService   : Starting service [Tomcat]
2022-02-07 01:54:09.003  INFO 7144 --- [restartedMain] org.apache.catalina.core.StandardEngine  : Starting Servlet engine: [Apache Tomcat/9.0.54]
2022-02-07 01:54:09.034  INFO 7144 --- [restartedMain] o.a.c.c.C.[Tomcat].[localhost].[/]       : Initializing Spring embedded WebApplicationContext
2022-02-07 01:54:09.034  INFO 7144 --- [restartedMain] w.s.c.ServletWebServerApplicationContext : Root WebApplicationContext: initialization completed in 850 ms
2022-02-07 01:54:09.187  INFO 7144 --- [restartedMain] o.hibernate.jpa.internal.util.LogHelper  : HHH000204: Processing PersistenceUnitInfo [name: default]
2022-02-07 01:54:09.244  INFO 7144 --- [restartedMain] com.zaxxer.hikari.HikariDataSource       : HikariPool-4 - Starting...
2022-02-07 01:54:09.285  INFO 7144 --- [restartedMain] com.zaxxer.hikari.HikariDataSource       : HikariPool-4 - Start completed.
2022-02-07 01:54:09.286  INFO 7144 --- [restartedMain] org.hibernate.dialect.Dialect            : HHH000400: Using dialect: org.hibernate.dialect.MariaDB103Dialect
2022-02-07 01:54:09.425  INFO 7144 --- [restartedMain] o.h.e.t.j.p.i.JtaPlatformInitiator       : HHH000490: Using JtaPlatform implementation: [org.hibernate.engine.transaction.jta.platform.internal.NoJtaPlatform]
2022-02-07 01:54:09.426  INFO 7144 --- [restartedMain] j.LocalContainerEntityManagerFactoryBean : Initialized JPA EntityManagerFactory for persistence unit 'default'
2022-02-07 01:54:09.565  WARN 7144 --- [restartedMain] JpaBaseConfiguration$JpaWebConfiguration : spring.jpa.open-in-view is enabled by default. Therefore, database queries may be performed during view rendering. Explicitly configure spring.jpa.open-in-view to disable this warning
2022-02-07 01:54:09.787  INFO 7144 --- [restartedMain] o.s.b.a.e.web.EndpointLinksResolver      : Exposing 1 endpoint(s) beneath base path '/actuator'
2022-02-07 01:54:09.848  INFO 7144 --- [restartedMain] o.s.s.web.DefaultSecurityFilterChain     : Will secure any request with [org.springframework.security.web.context.request.async.WebAsyncManagerIntegrationFilter@727ea37, org.springframework.security.web.context.SecurityContextPersistenceFilter@57f5f0e9, org.springframework.security.web.header.HeaderWriterFilter@7fd2a886, org.springframework.web.filter.CorsFilter@6d657e9a, org.springframework.security.web.authentication.logout.LogoutFilter@123f38b8, com.ssafy.honeySchool.common.auth.JwtAuthenticationFilter@41df5b4e, org.springframework.security.web.savedrequest.RequestCacheAwareFilter@2e2dd169, org.springframework.security.web.servletapi.SecurityContextHolderAwareRequestFilter@4451cab2, org.springframework.security.web.authentication.AnonymousAuthenticationFilter@aca85ba, org.springframework.security.web.session.SessionManagementFilter@25f16770, org.springframework.security.web.access.ExceptionTranslationFilter@4c76bae4, org.springframework.security.web.access.intercept.FilterSecurityInterceptor@2c601ed6]
2022-02-07 01:54:09.901  INFO 7144 --- [restartedMain] o.s.b.d.a.OptionalLiveReloadServer       : LiveReload server is running on port 35729
2022-02-07 01:54:10.073  INFO 7144 --- [restartedMain] o.s.b.w.embedded.tomcat.TomcatWebServer  : Tomcat started on port(s): 9999 (http) with context path ''
2022-02-07 01:54:10.234  INFO 7144 --- [restartedMain] c.s.honeySchool.HoneySchoolApplication   : Started HoneySchoolApplication in 2.086 seconds (JVM running for 108.405)
2022-02-07 01:54:10.237  INFO 7144 --- [restartedMain] .ConditionEvaluationDeltaLoggingListener : Condition evaluation unchanged
2022-02-07 01:54:13.829  INFO 7144 --- [http-nio-127.0.0.1-9999-exec-1] o.a.c.c.C.[Tomcat].[localhost].[/]       : Initializing Spring DispatcherServlet 'dispatcherServlet'
2022-02-07 01:54:13.830  INFO 7144 --- [http-nio-127.0.0.1-9999-exec-1] o.s.web.servlet.DispatcherServlet        : Initializing Servlet 'dispatcherServlet'
2022-02-07 01:54:13.832  INFO 7144 --- [http-nio-127.0.0.1-9999-exec-1] o.s.web.servlet.DispatcherServlet        : Completed initialization in 1 ms
2022-02-07 01:54:13.838 DEBUG 7144 --- [http-nio-127.0.0.1-9999-exec-1] o.s.w.r.f.client.ExchangeFunctions       : [6f767d68] HTTP POST /sessions
2022-02-07 01:54:19.803  INFO 7144 --- [RMI TCP Connection(7)-127.0.0.1] inMXBeanRegistrar$SpringApplicationAdmin : Application shutdown requested.
2022-02-07 01:54:21.915  INFO 7144 --- [RMI TCP Connection(7)-127.0.0.1] j.LocalContainerEntityManagerFactoryBean : Closing JPA EntityManagerFactory for persistence unit 'default'
2022-02-07 01:54:21.917  INFO 7144 --- [RMI TCP Connection(7)-127.0.0.1] com.zaxxer.hikari.HikariDataSource       : HikariPool-4 - Shutdown initiated...
2022-02-07 01:54:21.972  INFO 7144 --- [RMI TCP Connection(7)-127.0.0.1] com.zaxxer.hikari.HikariDataSource       : HikariPool-4 - Shutdown completed.
